2026-02-17 22:45:14,418 - MODIFIED | Source: C:\Intern_test\testll.txt | Destination: None
2026-02-17 22:45:17,328 - MODIFIED | Source: C:\Intern_test\testll.txt | Destination: None
2026-02-17 22:46:24,630 - MODIFIED | Source: C:\Intern_test\testll.txt | Destination: None
2026-02-17 22:46:32,468 - MODIFIED | Source: C:\Intern_test\testll.txt | Destination: None
2026-02-17 22:47:28,045 - DELETED | Source: C:\Intern_test\testll.txt | Destination: None
2026-02-17 22:47:28,048 - DELETED | Source: C:\Intern_test\tets.txt | Destination: None
2026-02-17 22:53:20,550 - CREATED | Source: C:\Intern_test\New Text Document.txt | Destination: None
2026-02-17 22:53:26,686 - MODIFIED | Source: C:\Intern_test\New Text Document.txt | Destination: None
2026-02-17 22:53:57,773 - MODIFIED | Source: C:\Intern_test\New Text Document.txt | Destination: None
2026-02-17 22:54:48,509 - MODIFIED | Source: C:\Intern_test\New Text Document.txt | Destination: None
2026-02-17 22:54:53,039 - MODIFIED | Source: C:\Intern_test\New Text Document.txt | Destination: None
2026-02-17 22:54:58,301 - MODIFIED | Source: C:\Intern_test\New Text Document.txt | Destination: None
2026-02-17 22:55:04,724 - MODIFIED | Source: C:\Intern_test\New Text Document.txt | Destination: None
2026-03-02 16:32:31,291 - MODIFIED | Source: C:\Intern_test\gdhd.txt | Destination: None
2026-03-02 16:32:39,748 - MODIFIED | Source: C:\Intern_test\gdhd.txt | Destination: None
2026-03-02 16:32:44,296 - MODIFIED | Source: C:\Intern_test\gdhd.txt | Destination: None
2026-03-02 16:34:24,225 - MODIFIED | Source: C:\Intern_test\gdhd.txt | Destination: None
2026-03-02 16:34:24,226 - MODIFIED | Source: C:\Intern_test\gdhd.txt | Destination: None
2026-03-02 16:36:12,596 - MODIFIED | Source: C:\Intern_test\gdhd.txt | Destination: None
2026-03-02 16:37:49,438 - MODIFIED | Source: C:\Intern_test\gdhd.txt | Destination: None
2026-03-02 16:37:49,439 - MODIFIED | Source: C:\Intern_test\gdhd.txt | Destination: None
2026-03-02 16:48:51,573 - MODIFIED | Source: C:\Intern_test\gdhd.txt | Destination: None
2026-03-02 16:49:18,514 - MODIFIED | Source: C:\Intern_test\dsf.txt | Destination: None
2026-03-02 16:49:30,134 - MODIFIED | Source: C:\Intern_test\dsf.txt | Destination: None
2026-03-02 16:49:48,457 - CREATED | Source: C:\Intern_test\dsf.txt | Destination: None
2026-03-02 16:49:48,458 - MODIFIED | Source: C:\Intern_test\dsf.txt | Destination: None
2026-03-02 16:52:16,938 - MODIFIED | Source: C:\Intern_test\fsfgs.txt | Destination: None
2026-03-02 16:52:24,560 - MODIFIED | Source: C:\Intern_test\fsfgs.txt | Destination: None
2026-03-02 16:52:47,602 - CREATED | Source: C:\Intern_test\fsfgs.txt | Destination: None
2026-03-02 16:52:47,602 - MODIFIED | Source: C:\Intern_test\fsfgs.txt | Destination: None
2026-03-02 16:55:11,830 - CREATED | Source: C:\Intern_test\New Text Document.txt | Destination: None
2026-03-02 16:55:11,831 - CREATED | Source: C:\Intern_test\New Text Document.txt | Destination: None
2026-03-02 16:55:14,251 - MOVED | Source: C:\Intern_test\New Text Document.txt | Destination: C:\Intern_test\sdfsdsdfsdf.txt
2026-03-02 16:56:06,995 - MODIFIED | Source: C:\Intern_test\sdfsdsdfsdf.txt | Destination: None
2026-03-02 16:56:13,041 - MODIFIED | Source: C:\Intern_test\sdfsdsdfsdf.txt | Destination: None
2026-03-02 16:56:20,190 - DELETED | Source: C:\Intern_test\sdfsdsdfsdf.txt | Destination: None
2026-03-02 16:56:50,720 - CREATED | Source: C:\Intern_test\sdfsdsdfsdf.txt | Destination: None
2026-03-02 16:56:50,720 - CREATED | Source: C:\Intern_test\sdfsdsdfsdf.txt | Destination: None
2026-03-02 17:05:32,138 - DELETED | Source: C:\Intern_test\sdfsdsdfsdf.txt
2026-03-02 17:05:55,803 - CREATED | Source: C:\Intern_test\sdfsdsdfsdf.txt
2026-03-02 17:05:55,803 - CREATED | Source: C:\Intern_test\sdfsdsdfsdf.txt
2026-03-02 17:06:00,951 - MODIFIED | Source: C:\Intern_test\sdfsdsdfsdf.txt
2026-03-02 17:06:05,866 - MODIFIED | Source: C:\Intern_test\sdfsdsdfsdf.txt
2026-03-02 17:09:06,291 - MODIFIED | Source: C:\Intern_test\sdfsdsdfsdf.txt
2026-03-02 17:09:13,845 - MODIFIED | Source: C:\Intern_test\sdfsdsdfsdf.txt
2026-03-02 17:09:16,416 - MODIFIED | Source: C:\Intern_test\sdfsdsdfsdf.txt
2026-03-02 17:09:20,603 - DELETED | Source: C:\Intern_test\sdfsdsdfsdf.txt
2026-03-02 17:09:26,102 - CREATED | Source: C:\Intern_test\sdfsdsdfsdf.txt
2026-03-02 17:09:26,102 - CREATED | Source: C:\Intern_test\sdfsdsdfsdf.txt
2026-03-02 17:09:26,103 - MODIFIED | Source: C:\Intern_test\sdfsdsdfsdf.txt
2026-03-02 17:09:30,729 - DELETED | Source: C:\Intern_test\sdfsdsdfsdf.txt
2026-03-02 17:16:20,028 - CREATED | Source: C:\Intern_test\sdfsdsdfsdf.txt
2026-03-02 17:16:23,568 - DELETED | Source: C:\Intern_test\sdfsdsdfsdf.txt
2026-03-02 17:16:27,964 - CREATED | Source: C:\Intern_test\sdfsdsdfsdf.txt
2026-03-02 17:16:27,966 - MODIFIED | Source: C:\Intern_test\sdfsdsdfsdf.txt
2026-03-02 17:16:35,154 - CREATED | Source: C:\Intern_test\New Text Document.txt
2026-03-02 17:16:36,813 - MOVED | Source: C:\Intern_test\New Text Document.txt | Destination: C:\Intern_test\dsaasdsad.txt
2026-03-02 17:16:46,325 - DELETED | Source: C:\Intern_test\dsaasdsad.txt
2026-03-02 17:16:51,647 - CREATED | Source: C:\Intern_test\dsaasdsad.txt
2026-03-02 17:16:51,648 - MODIFIED | Source: C:\Intern_test\dsaasdsad.txt
2026-03-02 17:16:57,439 - MODIFIED | Source: C:\Intern_test\dsaasdsad.txt
2026-03-03 22:40:22,611 - CREATED | Source: C:\Intern_test\New Text Document.txt
2026-03-03 22:40:24,898 - MOVED | Source: C:\Intern_test\New Text Document.txt | Destination: C:\Intern_test\hhg.txt
